<?xml version="1.0" encoding="UTF-8"?>
<coverage generated="1748092413221" clover="3.2.0">
  <project timestamp="1748092413222" name="All files">
    <metrics statements="153" coveredstatements="153" conditionals="63" coveredconditionals="63" methods="30" coveredmethods="30" elements="246" coveredelements="246" complexity="0" loc="153" ncloc="153" packages="2" files="3" classes="3"/>
    <package name="src">
      <metrics statements="146" coveredstatements="146" conditionals="60" coveredconditionals="60" methods="27" coveredmethods="27"/>
      <file name="wallet-account-btc.js" path="/Users/aliakh/Documents/GitHub/tether/wdk-wallet-btc/src/wallet-account-btc.js">
        <metrics statements="133" coveredstatements="133" conditionals="56" coveredconditionals="56" methods="20" coveredmethods="20"/>
        <line num="26" count="2" type="stmt"/>
        <line num="59" count="2" type="stmt"/>
        <line num="61" count="2" type="stmt"/>
        <line num="79" count="25" type="cond" truecount="2" falsecount="0"/>
        <line num="80" count="1" type="stmt"/>
        <line num="83" count="24" type="stmt"/>
        <line num="85" count="24" type="stmt"/>
        <line num="87" count="24" type="stmt"/>
        <line num="96" count="9" type="stmt"/>
        <line num="105" count="1" type="stmt"/>
        <line num="114" count="9" type="stmt"/>
        <line num="123" count="28" type="stmt"/>
        <line num="133" count="3" type="stmt"/>
        <line num="135" count="3" type="stmt"/>
        <line num="146" count="2" type="stmt"/>
        <line num="147" count="2" type="stmt"/>
        <line num="148" count="2" type="stmt"/>
        <line num="150" count="2" type="stmt"/>
        <line num="160" count="6" type="stmt"/>
        <line num="162" count="2" type="stmt"/>
        <line num="164" count="2" type="stmt"/>
        <line num="174" count="1" type="stmt"/>
        <line num="176" count="1" type="stmt"/>
        <line num="185" count="3" type="stmt"/>
        <line num="187" count="3" type="stmt"/>
        <line num="189" count="2" type="stmt"/>
        <line num="199" count="1" type="stmt"/>
        <line num="212" count="8" type="cond" truecount="3" falsecount="0"/>
        <line num="214" count="8" type="stmt"/>
        <line num="216" count="8" type="stmt"/>
        <line num="218" count="8" type="stmt"/>
        <line num="219" count="12" type="cond" truecount="2" falsecount="0"/>
        <line num="220" count="11" type="cond" truecount="2" falsecount="0"/>
        <line num="221" count="8" type="cond" truecount="2" falsecount="0"/>
        <line num="222" count="1" type="stmt"/>
        <line num="225" count="8" type="stmt"/>
        <line num="226" count="8" type="cond" truecount="2" falsecount="0"/>
        <line num="227" count="7" type="cond" truecount="2" falsecount="0"/>
        <line num="228" count="4" type="cond" truecount="2" falsecount="0"/>
        <line num="229" count="1" type="stmt"/>
        <line num="232" count="8" type="stmt"/>
        <line num="233" count="6" type="stmt"/>
        <line num="234" count="6" type="stmt"/>
        <line num="235" count="4" type="stmt"/>
        <line num="236" count="4" type="stmt"/>
        <line num="237" count="4" type="stmt"/>
        <line num="238" count="4" type="stmt"/>
        <line num="241" count="6" type="stmt"/>
        <line num="244" count="8" type="stmt"/>
        <line num="245" count="6" type="stmt"/>
        <line num="246" count="4" type="stmt"/>
        <line num="247" count="4" type="stmt"/>
        <line num="248" count="4" type="stmt"/>
        <line num="249" count="4" type="cond" truecount="2" falsecount="0"/>
        <line num="252" count="3" type="stmt"/>
        <line num="255" count="8" type="stmt"/>
        <line num="257" count="8" type="stmt"/>
        <line num="258" count="7" type="cond" truecount="2" falsecount="0"/>
        <line num="260" count="6" type="stmt"/>
        <line num="261" count="6" type="stmt"/>
        <line num="262" count="8" type="stmt"/>
        <line num="263" count="6" type="cond" truecount="2" falsecount="0"/>
        <line num="264" count="6" type="stmt"/>
        <line num="266" count="6" type="stmt"/>
        <line num="267" count="8" type="stmt"/>
        <line num="268" count="8" type="stmt"/>
        <line num="270" count="8" type="stmt"/>
        <line num="271" count="8" type="cond" truecount="4" falsecount="0"/>
        <line num="272" count="5" type="cond" truecount="4" falsecount="0"/>
        <line num="273" count="2" type="cond" truecount="4" falsecount="0"/>
        <line num="274" count="1" type="stmt"/>
        <line num="276" count="7" type="cond" truecount="2" falsecount="0"/>
        <line num="277" count="6" type="cond" truecount="4" falsecount="0"/>
        <line num="278" count="5" type="cond" truecount="2" falsecount="0"/>
        <line num="280" count="4" type="stmt"/>
        <line num="291" count="4" type="stmt"/>
        <line num="295" count="8" type="stmt"/>
        <line num="299" count="24" type="stmt"/>
        <line num="301" count="24" type="stmt"/>
        <line num="303" count="24" type="stmt"/>
        <line num="309" count="24" type="stmt"/>
        <line num="316" count="7" type="stmt"/>
        <line num="317" count="7" type="stmt"/>
        <line num="318" count="6" type="stmt"/>
        <line num="320" count="6" type="stmt"/>
        <line num="322" count="6" type="stmt"/>
        <line num="326" count="7" type="stmt"/>
        <line num="328" count="7" type="cond" truecount="4" falsecount="0"/>
        <line num="329" count="1" type="stmt"/>
        <line num="332" count="6" type="stmt"/>
        <line num="333" count="6" type="stmt"/>
        <line num="335" count="6" type="stmt"/>
        <line num="336" count="6" type="stmt"/>
        <line num="337" count="6" type="stmt"/>
        <line num="338" count="6" type="stmt"/>
        <line num="342" count="6" type="stmt"/>
        <line num="344" count="6" type="cond" truecount="2" falsecount="0"/>
        <line num="345" count="5" type="stmt"/>
        <line num="349" count="6" type="stmt"/>
        <line num="353" count="6" type="cond" truecount="2" falsecount="0"/>
        <line num="354" count="1" type="stmt"/>
        <line num="357" count="5" type="stmt"/>
        <line num="358" count="5" type="stmt"/>
        <line num="359" count="5" type="stmt"/>
        <line num="362" count="5" type="stmt"/>
        <line num="363" count="9" type="stmt"/>
        <line num="365" count="9" type="stmt"/>
        <line num="366" count="9" type="stmt"/>
        <line num="383" count="9" type="stmt"/>
        <line num="388" count="9" type="stmt"/>
        <line num="389" count="9" type="stmt"/>
        <line num="390" count="9" type="cond" truecount="2" falsecount="0"/>
        <line num="391" count="5" type="stmt"/>
        <line num="395" count="4" type="cond" truecount="2" falsecount="0"/>
        <line num="396" count="2" type="stmt"/>
        <line num="399" count="7" type="stmt"/>
        <line num="400" count="7" type="stmt"/>
        <line num="403" count="7" type="stmt"/>
        <line num="404" count="7" type="stmt"/>
        <line num="407" count="5" type="stmt"/>
        <line num="408" count="4" type="stmt"/>
        <line num="409" count="4" type="stmt"/>
        <line num="413" count="4" type="stmt"/>
        <line num="414" count="4" type="stmt"/>
        <line num="416" count="4" type="stmt"/>
        <line num="417" count="3" type="stmt"/>
        <line num="418" count="3" type="stmt"/>
        <line num="419" count="3" type="stmt"/>
        <line num="420" count="3" type="stmt"/>
        <line num="428" count="2" type="stmt"/>
        <line num="432" count="24" type="stmt"/>
        <line num="433" count="24" type="stmt"/>
        <line num="434" count="24" type="stmt"/>
      </file>
      <file name="wallet-manager-btc.js" path="/Users/aliakh/Documents/GitHub/tether/wdk-wallet-btc/src/wallet-manager-btc.js">
        <metrics statements="13" coveredstatements="13" conditionals="4" coveredconditionals="4" methods="7" coveredmethods="7"/>
        <line num="20" count="1" type="stmt"/>
        <line num="35" count="6" type="cond" truecount="2" falsecount="0"/>
        <line num="36" count="1" type="stmt"/>
        <line num="39" count="5" type="stmt"/>
        <line num="41" count="5" type="stmt"/>
        <line num="50" count="1" type="stmt"/>
        <line num="60" count="9" type="stmt"/>
        <line num="69" count="1" type="stmt"/>
        <line num="82" count="2" type="stmt"/>
        <line num="95" count="3" type="stmt"/>
        <line num="104" count="1" type="stmt"/>
        <line num="105" count="1" type="stmt"/>
        <line num="106" count="1" type="stmt"/>
      </file>
    </package>
    <package name="test">
      <metrics statements="7" coveredstatements="7" conditionals="3" coveredconditionals="3" methods="3" coveredmethods="3"/>
      <file name="test-utils.js" path="/Users/aliakh/Documents/GitHub/tether/wdk-wallet-btc/test/test-utils.js">
        <metrics statements="7" coveredstatements="7" conditionals="3" coveredconditionals="3" methods="3" coveredmethods="3"/>
        <line num="2" count="2" type="cond" truecount="1" falsecount="0"/>
        <line num="7" count="26" type="cond" truecount="1" falsecount="0"/>
        <line num="12" count="1" type="cond" truecount="1" falsecount="0"/>
        <line num="13" count="24" type="stmt"/>
        <line num="22" count="24" type="stmt"/>
        <line num="23" count="144" type="stmt"/>
        <line num="24" count="144" type="stmt"/>
      </file>
    </package>
  </project>
</coverage>
