{"/Users/aliakh/Documents/GitHub/tether/wdk-wallet-btc/src/wallet-account-btc.js": {"path":"/Users/aliakh/Documents/GitHub/tether/wdk-wallet-btc/src/wallet-account-btc.js","statementMap":{"0":{"start":{"line":26,"column":19},"end":{"line":26,"column":22}},"1":{"start":{"line":59,"column":14},"end":{"line":59,"column":31}},"2":{"start":{"line":61,"column":42},"end":{"line":61,"column":52}},"3":{"start":{"line":79,"column":4},"end":{"line":81,"column":5}},"4":{"start":{"line":80,"column":6},"end":{"line":80,"column":52}},"5":{"start":{"line":83,"column":4},"end":{"line":83,"column":53}},"6":{"start":{"line":85,"column":4},"end":{"line":85,"column":65}},"7":{"start":{"line":87,"column":4},"end":{"line":87,"column":26}},"8":{"start":{"line":96,"column":4},"end":{"line":96,"column":21}},"9":{"start":{"line":105,"column":4},"end":{"line":105,"column":39}},"10":{"start":{"line":114,"column":4},"end":{"line":114,"column":24}},"11":{"start":{"line":123,"column":4},"end":{"line":123,"column":24}},"12":{"start":{"line":133,"column":24},"end":{"line":133,"column":59}},"13":{"start":{"line":135,"column":4},"end":{"line":135,"column":59}},"14":{"start":{"line":146,"column":24},"end":{"line":146,"column":59}},"15":{"start":{"line":147,"column":28},"end":{"line":147,"column":60}},"16":{"start":{"line":148,"column":19},"end":{"line":148,"column":67}},"17":{"start":{"line":150,"column":4},"end":{"line":150,"column":17}},"18":{"start":{"line":160,"column":15},"end":{"line":160,"column":75}},"19":{"start":{"line":162,"column":4},"end":{"line":162,"column":44}},"20":{"start":{"line":164,"column":4},"end":{"line":164,"column":18}},"21":{"start":{"line":174,"column":15},"end":{"line":174,"column":75}},"22":{"start":{"line":176,"column":4},"end":{"line":176,"column":18}},"23":{"start":{"line":185,"column":20},"end":{"line":185,"column":43}},"24":{"start":{"line":187,"column":26},"end":{"line":187,"column":72}},"25":{"start":{"line":189,"column":4},"end":{"line":189,"column":21}},"26":{"start":{"line":199,"column":4},"end":{"line":199,"column":70}},"27":{"start":{"line":212,"column":56},"end":{"line":212,"column":63}},"28":{"start":{"line":214,"column":20},"end":{"line":214,"column":43}},"29":{"start":{"line":216,"column":20},"end":{"line":216,"column":66}},"30":{"start":{"line":218,"column":27},"end":{"line":223,"column":5}},"31":{"start":{"line":219,"column":6},"end":{"line":219,"column":37}},"32":{"start":{"line":219,"column":25},"end":{"line":219,"column":37}},"33":{"start":{"line":220,"column":6},"end":{"line":220,"column":68}},"34":{"start":{"line":220,"column":32},"end":{"line":220,"column":68}},"35":{"start":{"line":221,"column":6},"end":{"line":221,"column":93}},"36":{"start":{"line":221,"column":49},"end":{"line":221,"column":93}},"37":{"start":{"line":222,"column":6},"end":{"line":222,"column":18}},"38":{"start":{"line":225,"column":27},"end":{"line":230,"column":5}},"39":{"start":{"line":226,"column":6},"end":{"line":226,"column":36}},"40":{"start":{"line":226,"column":25},"end":{"line":226,"column":36}},"41":{"start":{"line":227,"column":6},"end":{"line":227,"column":59}},"42":{"start":{"line":227,"column":32},"end":{"line":227,"column":59}},"43":{"start":{"line":228,"column":6},"end":{"line":228,"column":81}},"44":{"start":{"line":228,"column":49},"end":{"line":228,"column":81}},"45":{"start":{"line":229,"column":6},"end":{"line":229,"column":17}},"46":{"start":{"line":232,"column":26},"end":{"line":242,"column":5}},"47":{"start":{"line":233,"column":18},"end":{"line":233,"column":19}},"48":{"start":{"line":234,"column":6},"end":{"line":240,"column":7}},"49":{"start":{"line":235,"column":8},"end":{"line":239,"column":22}},"50":{"start":{"line":236,"column":25},"end":{"line":236,"column":76}},"51":{"start":{"line":237,"column":27},"end":{"line":237,"column":48}},"52":{"start":{"line":238,"column":10},"end":{"line":238,"column":33}},"53":{"start":{"line":241,"column":6},"end":{"line":241,"column":18}},"54":{"start":{"line":244,"column":25},"end":{"line":253,"column":5}},"55":{"start":{"line":245,"column":6},"end":{"line":251,"column":7}},"56":{"start":{"line":246,"column":8},"end":{"line":250,"column":22}},"57":{"start":{"line":247,"column":25},"end":{"line":247,"column":76}},"58":{"start":{"line":248,"column":27},"end":{"line":248,"column":48}},"59":{"start":{"line":249,"column":10},"end":{"line":249,"column":73}},"60":{"start":{"line":249,"column":62},"end":{"line":249,"column":73}},"61":{"start":{"line":252,"column":6},"end":{"line":252,"column":18}},"62":{"start":{"line":255,"column":22},"end":{"line":255,"column":24}},"63":{"start":{"line":257,"column":4},"end":{"line":293,"column":5}},"64":{"start":{"line":258,"column":6},"end":{"line":258,"column":42}},"65":{"start":{"line":258,"column":37},"end":{"line":258,"column":42}},"66":{"start":{"line":260,"column":17},"end":{"line":260,"column":72}},"67":{"start":{"line":261,"column":25},"end":{"line":261,"column":52}},"68":{"start":{"line":262,"column":26},"end":{"line":262,"column":76}},"69":{"start":{"line":262,"column":56},"end":{"line":262,"column":72}},"70":{"start":{"line":263,"column":18},"end":{"line":263,"column":80}},"71":{"start":{"line":264,"column":25},"end":{"line":264,"column":51}},"72":{"start":{"line":266,"column":6},"end":{"line":292,"column":7}},"73":{"start":{"line":267,"column":26},"end":{"line":267,"column":59}},"74":{"start":{"line":268,"column":25},"end":{"line":268,"column":67}},"75":{"start":{"line":270,"column":28},"end":{"line":270,"column":32}},"76":{"start":{"line":271,"column":8},"end":{"line":274,"column":21}},"77":{"start":{"line":271,"column":37},"end":{"line":271,"column":63}},"78":{"start":{"line":272,"column":13},"end":{"line":274,"column":21}},"79":{"start":{"line":272,"column":42},"end":{"line":272,"column":68}},"80":{"start":{"line":273,"column":13},"end":{"line":274,"column":21}},"81":{"start":{"line":273,"column":41},"end":{"line":273,"column":65}},"82":{"start":{"line":274,"column":13},"end":{"line":274,"column":21}},"83":{"start":{"line":276,"column":8},"end":{"line":276,"column":48}},"84":{"start":{"line":276,"column":40},"end":{"line":276,"column":48}},"85":{"start":{"line":277,"column":8},"end":{"line":277,"column":72}},"86":{"start":{"line":277,"column":64},"end":{"line":277,"column":72}},"87":{"start":{"line":278,"column":8},"end":{"line":278,"column":44}},"88":{"start":{"line":278,"column":39},"end":{"line":278,"column":44}},"89":{"start":{"line":280,"column":25},"end":{"line":289,"column":9}},"90":{"start":{"line":291,"column":8},"end":{"line":291,"column":32}},"91":{"start":{"line":295,"column":4},"end":{"line":295,"column":20}},"92":{"start":{"line":299,"column":19},"end":{"line":299,"column":47}},"93":{"start":{"line":301,"column":4},"end":{"line":301,"column":63}},"94":{"start":{"line":303,"column":4},"end":{"line":307,"column":14}},"95":{"start":{"line":309,"column":4},"end":{"line":312,"column":5}},"96":{"start":{"line":316,"column":20},"end":{"line":316,"column":43}},"97":{"start":{"line":317,"column":20},"end":{"line":317,"column":57}},"98":{"start":{"line":318,"column":24},"end":{"line":318,"column":67}},"99":{"start":{"line":320,"column":20},"end":{"line":320,"column":68}},"100":{"start":{"line":322,"column":4},"end":{"line":322,"column":77}},"101":{"start":{"line":326,"column":20},"end":{"line":326,"column":66}},"102":{"start":{"line":328,"column":4},"end":{"line":330,"column":5}},"103":{"start":{"line":329,"column":6},"end":{"line":329,"column":54}},"104":{"start":{"line":332,"column":22},"end":{"line":332,"column":24}},"105":{"start":{"line":333,"column":25},"end":{"line":333,"column":41}},"106":{"start":{"line":335,"column":4},"end":{"line":347,"column":5}},"107":{"start":{"line":336,"column":17},"end":{"line":336,"column":72}},"108":{"start":{"line":337,"column":19},"end":{"line":337,"column":39}},"109":{"start":{"line":338,"column":6},"end":{"line":341,"column":8}},"110":{"start":{"line":342,"column":6},"end":{"line":342,"column":54}},"111":{"start":{"line":344,"column":6},"end":{"line":346,"column":7}},"112":{"start":{"line":345,"column":8},"end":{"line":345,"column":13}},"113":{"start":{"line":349,"column":4},"end":{"line":349,"column":20}},"114":{"start":{"line":353,"column":4},"end":{"line":355,"column":5}},"115":{"start":{"line":354,"column":6},"end":{"line":354,"column":89}},"116":{"start":{"line":357,"column":21},"end":{"line":357,"column":37}},"117":{"start":{"line":358,"column":4},"end":{"line":360,"column":5}},"118":{"start":{"line":359,"column":6},"end":{"line":359,"column":46}},"119":{"start":{"line":362,"column":23},"end":{"line":405,"column":5}},"120":{"start":{"line":363,"column":19},"end":{"line":363,"column":70}},"121":{"start":{"line":365,"column":6},"end":{"line":381,"column":8}},"122":{"start":{"line":366,"column":8},"end":{"line":380,"column":10}},"123":{"start":{"line":383,"column":6},"end":{"line":386,"column":8}},"124":{"start":{"line":388,"column":21},"end":{"line":388,"column":56}},"125":{"start":{"line":389,"column":19},"end":{"line":389,"column":42}},"126":{"start":{"line":390,"column":6},"end":{"line":397,"column":7}},"127":{"start":{"line":391,"column":8},"end":{"line":394,"column":10}},"128":{"start":{"line":395,"column":13},"end":{"line":397,"column":7}},"129":{"start":{"line":396,"column":8},"end":{"line":396,"column":72}},"130":{"start":{"line":399,"column":6},"end":{"line":401,"column":8}},"131":{"start":{"line":400,"column":8},"end":{"line":400,"column":44}},"132":{"start":{"line":403,"column":6},"end":{"line":403,"column":30}},"133":{"start":{"line":404,"column":6},"end":{"line":404,"column":17}},"134":{"start":{"line":407,"column":15},"end":{"line":407,"column":34}},"135":{"start":{"line":408,"column":20},"end":{"line":408,"column":45}},"136":{"start":{"line":409,"column":23},"end":{"line":411,"column":41}},"137":{"start":{"line":413,"column":24},"end":{"line":413,"column":42}},"138":{"start":{"line":414,"column":4},"end":{"line":414,"column":59}},"139":{"start":{"line":416,"column":4},"end":{"line":416,"column":41}},"140":{"start":{"line":417,"column":15},"end":{"line":417,"column":40}},"141":{"start":{"line":418,"column":18},"end":{"line":418,"column":28}},"142":{"start":{"line":419,"column":17},"end":{"line":419,"column":27}},"143":{"start":{"line":420,"column":4},"end":{"line":424,"column":5}},"144":{"start":{"line":428,"column":4},"end":{"line":428,"column":65}},"145":{"start":{"line":432,"column":17},"end":{"line":432,"column":47}},"146":{"start":{"line":433,"column":17},"end":{"line":433,"column":37}},"147":{"start":{"line":434,"column":4},"end":{"line":434,"column":15}}},"fnMap":{"0":{"name":"(anonymous_0)","decl":{"start":{"line":78,"column":2},"end":{"line":78,"column":3}},"loc":{"start":{"line":78,"column":41},"end":{"line":88,"column":3}},"line":78},"1":{"name":"(anonymous_1)","decl":{"start":{"line":95,"column":2},"end":{"line":95,"column":3}},"loc":{"start":{"line":95,"column":14},"end":{"line":97,"column":3}},"line":95},"2":{"name":"(anonymous_2)","decl":{"start":{"line":104,"column":2},"end":{"line":104,"column":3}},"loc":{"start":{"line":104,"column":15},"end":{"line":106,"column":3}},"line":104},"3":{"name":"(anonymous_3)","decl":{"start":{"line":113,"column":2},"end":{"line":113,"column":3}},"loc":{"start":{"line":113,"column":17},"end":{"line":115,"column":3}},"line":113},"4":{"name":"(anonymous_4)","decl":{"start":{"line":122,"column":2},"end":{"line":122,"column":3}},"loc":{"start":{"line":122,"column":22},"end":{"line":124,"column":3}},"line":122},"5":{"name":"(anonymous_5)","decl":{"start":{"line":132,"column":2},"end":{"line":132,"column":3}},"loc":{"start":{"line":132,"column":23},"end":{"line":136,"column":3}},"line":132},"6":{"name":"(anonymous_6)","decl":{"start":{"line":145,"column":2},"end":{"line":145,"column":3}},"loc":{"start":{"line":145,"column":36},"end":{"line":151,"column":3}},"line":145},"7":{"name":"(anonymous_7)","decl":{"start":{"line":159,"column":2},"end":{"line":159,"column":3}},"loc":{"start":{"line":159,"column":40},"end":{"line":165,"column":3}},"line":159},"8":{"name":"(anonymous_8)","decl":{"start":{"line":173,"column":2},"end":{"line":173,"column":3}},"loc":{"start":{"line":173,"column":41},"end":{"line":177,"column":3}},"line":173},"9":{"name":"(anonymous_9)","decl":{"start":{"line":184,"column":2},"end":{"line":184,"column":3}},"loc":{"start":{"line":184,"column":22},"end":{"line":190,"column":3}},"line":184},"10":{"name":"(anonymous_10)","decl":{"start":{"line":198,"column":2},"end":{"line":198,"column":3}},"loc":{"start":{"line":198,"column":39},"end":{"line":200,"column":3}},"line":198},"11":{"name":"(anonymous_11)","decl":{"start":{"line":211,"column":2},"end":{"line":211,"column":3}},"loc":{"start":{"line":211,"column":36},"end":{"line":296,"column":3}},"line":211},"12":{"name":"(anonymous_12)","decl":{"start":{"line":218,"column":27},"end":{"line":218,"column":28}},"loc":{"start":{"line":218,"column":51},"end":{"line":223,"column":5}},"line":218},"13":{"name":"(anonymous_13)","decl":{"start":{"line":225,"column":27},"end":{"line":225,"column":28}},"loc":{"start":{"line":225,"column":45},"end":{"line":230,"column":5}},"line":225},"14":{"name":"(anonymous_14)","decl":{"start":{"line":232,"column":26},"end":{"line":232,"column":27}},"loc":{"start":{"line":232,"column":45},"end":{"line":242,"column":5}},"line":232},"15":{"name":"(anonymous_15)","decl":{"start":{"line":244,"column":25},"end":{"line":244,"column":26}},"loc":{"start":{"line":244,"column":44},"end":{"line":253,"column":5}},"line":244},"16":{"name":"(anonymous_16)","decl":{"start":{"line":262,"column":41},"end":{"line":262,"column":42}},"loc":{"start":{"line":262,"column":56},"end":{"line":262,"column":72}},"line":262},"17":{"name":"(anonymous_17)","decl":{"start":{"line":362,"column":23},"end":{"line":362,"column":24}},"loc":{"start":{"line":362,"column":38},"end":{"line":405,"column":5}},"line":362},"18":{"name":"(anonymous_18)","decl":{"start":{"line":365,"column":22},"end":{"line":365,"column":23}},"loc":{"start":{"line":365,"column":39},"end":{"line":381,"column":7}},"line":365},"19":{"name":"(anonymous_19)","decl":{"start":{"line":399,"column":22},"end":{"line":399,"column":23}},"loc":{"start":{"line":399,"column":36},"end":{"line":401,"column":7}},"line":399}},"branchMap":{"0":{"loc":{"start":{"line":79,"column":4},"end":{"line":81,"column":5}},"type":"if","locations":[{"start":{"line":79,"column":4},"end":{"line":81,"column":5}},{"start":{},"end":{}}],"line":79},"1":{"loc":{"start":{"line":211,"column":22},"end":{"line":211,"column":34}},"type":"default-arg","locations":[{"start":{"line":211,"column":32},"end":{"line":211,"column":34}}],"line":211},"2":{"loc":{"start":{"line":212,"column":12},"end":{"line":212,"column":29}},"type":"default-arg","locations":[{"start":{"line":212,"column":24},"end":{"line":212,"column":29}}],"line":212},"3":{"loc":{"start":{"line":212,"column":31},"end":{"line":212,"column":41}},"type":"default-arg","locations":[{"start":{"line":212,"column":39},"end":{"line":212,"column":41}}],"line":212},"4":{"loc":{"start":{"line":212,"column":43},"end":{"line":212,"column":51}},"type":"default-arg","locations":[{"start":{"line":212,"column":50},"end":{"line":212,"column":51}}],"line":212},"5":{"loc":{"start":{"line":219,"column":6},"end":{"line":219,"column":37}},"type":"if","locations":[{"start":{"line":219,"column":6},"end":{"line":219,"column":37}},{"start":{},"end":{}}],"line":219},"6":{"loc":{"start":{"line":220,"column":6},"end":{"line":220,"column":68}},"type":"if","locations":[{"start":{"line":220,"column":6},"end":{"line":220,"column":68}},{"start":{},"end":{}}],"line":220},"7":{"loc":{"start":{"line":221,"column":6},"end":{"line":221,"column":93}},"type":"if","locations":[{"start":{"line":221,"column":6},"end":{"line":221,"column":93}},{"start":{},"end":{}}],"line":221},"8":{"loc":{"start":{"line":226,"column":6},"end":{"line":226,"column":36}},"type":"if","locations":[{"start":{"line":226,"column":6},"end":{"line":226,"column":36}},{"start":{},"end":{}}],"line":226},"9":{"loc":{"start":{"line":227,"column":6},"end":{"line":227,"column":59}},"type":"if","locations":[{"start":{"line":227,"column":6},"end":{"line":227,"column":59}},{"start":{},"end":{}}],"line":227},"10":{"loc":{"start":{"line":228,"column":6},"end":{"line":228,"column":81}},"type":"if","locations":[{"start":{"line":228,"column":6},"end":{"line":228,"column":81}},{"start":{},"end":{}}],"line":228},"11":{"loc":{"start":{"line":249,"column":10},"end":{"line":249,"column":73}},"type":"if","locations":[{"start":{"line":249,"column":10},"end":{"line":249,"column":73}},{"start":{},"end":{}}],"line":249},"12":{"loc":{"start":{"line":258,"column":6},"end":{"line":258,"column":42}},"type":"if","locations":[{"start":{"line":258,"column":6},"end":{"line":258,"column":42}},{"start":{},"end":{}}],"line":258},"13":{"loc":{"start":{"line":263,"column":18},"end":{"line":263,"column":80}},"type":"cond-expr","locations":[{"start":{"line":263,"column":35},"end":{"line":263,"column":73}},{"start":{"line":263,"column":76},"end":{"line":263,"column":80}}],"line":263},"14":{"loc":{"start":{"line":271,"column":8},"end":{"line":274,"column":21}},"type":"if","locations":[{"start":{"line":271,"column":8},"end":{"line":274,"column":21}},{"start":{"line":272,"column":13},"end":{"line":274,"column":21}}],"line":271},"15":{"loc":{"start":{"line":271,"column":12},"end":{"line":271,"column":35}},"type":"binary-expr","locations":[{"start":{"line":271,"column":12},"end":{"line":271,"column":20}},{"start":{"line":271,"column":24},"end":{"line":271,"column":35}}],"line":271},"16":{"loc":{"start":{"line":272,"column":13},"end":{"line":274,"column":21}},"type":"if","locations":[{"start":{"line":272,"column":13},"end":{"line":274,"column":21}},{"start":{"line":273,"column":13},"end":{"line":274,"column":21}}],"line":272},"17":{"loc":{"start":{"line":272,"column":17},"end":{"line":272,"column":40}},"type":"binary-expr","locations":[{"start":{"line":272,"column":17},"end":{"line":272,"column":26}},{"start":{"line":272,"column":30},"end":{"line":272,"column":40}}],"line":272},"18":{"loc":{"start":{"line":273,"column":13},"end":{"line":274,"column":21}},"type":"if","locations":[{"start":{"line":273,"column":13},"end":{"line":274,"column":21}},{"start":{"line":274,"column":13},"end":{"line":274,"column":21}}],"line":273},"19":{"loc":{"start":{"line":273,"column":17},"end":{"line":273,"column":39}},"type":"binary-expr","locations":[{"start":{"line":273,"column":17},"end":{"line":273,"column":25}},{"start":{"line":273,"column":29},"end":{"line":273,"column":39}}],"line":273},"20":{"loc":{"start":{"line":276,"column":8},"end":{"line":276,"column":48}},"type":"if","locations":[{"start":{"line":276,"column":8},"end":{"line":276,"column":48}},{"start":{},"end":{}}],"line":276},"21":{"loc":{"start":{"line":277,"column":8},"end":{"line":277,"column":72}},"type":"if","locations":[{"start":{"line":277,"column":8},"end":{"line":277,"column":72}},{"start":{},"end":{}}],"line":277},"22":{"loc":{"start":{"line":277,"column":12},"end":{"line":277,"column":62}},"type":"binary-expr","locations":[{"start":{"line":277,"column":12},"end":{"line":277,"column":31}},{"start":{"line":277,"column":35},"end":{"line":277,"column":62}}],"line":277},"23":{"loc":{"start":{"line":278,"column":8},"end":{"line":278,"column":44}},"type":"if","locations":[{"start":{"line":278,"column":8},"end":{"line":278,"column":44}},{"start":{},"end":{}}],"line":278},"24":{"loc":{"start":{"line":328,"column":4},"end":{"line":330,"column":5}},"type":"if","locations":[{"start":{"line":328,"column":4},"end":{"line":330,"column":5}},{"start":{},"end":{}}],"line":328},"25":{"loc":{"start":{"line":328,"column":8},"end":{"line":328,"column":40}},"type":"binary-expr","locations":[{"start":{"line":328,"column":8},"end":{"line":328,"column":16}},{"start":{"line":328,"column":20},"end":{"line":328,"column":40}}],"line":328},"26":{"loc":{"start":{"line":344,"column":6},"end":{"line":346,"column":7}},"type":"if","locations":[{"start":{"line":344,"column":6},"end":{"line":346,"column":7}},{"start":{},"end":{}}],"line":344},"27":{"loc":{"start":{"line":353,"column":4},"end":{"line":355,"column":5}},"type":"if","locations":[{"start":{"line":353,"column":4},"end":{"line":355,"column":5}},{"start":{},"end":{}}],"line":353},"28":{"loc":{"start":{"line":390,"column":6},"end":{"line":397,"column":7}},"type":"if","locations":[{"start":{"line":390,"column":6},"end":{"line":397,"column":7}},{"start":{"line":395,"column":13},"end":{"line":397,"column":7}}],"line":390},"29":{"loc":{"start":{"line":395,"column":13},"end":{"line":397,"column":7}},"type":"if","locations":[{"start":{"line":395,"column":13},"end":{"line":397,"column":7}},{"start":{},"end":{}}],"line":395}},"s":{"0":2,"1":2,"2":2,"3":16,"4":1,"5":15,"6":15,"7":15,"8":7,"9":0,"10":7,"11":18,"12":3,"13":3,"14":2,"15":2,"16":2,"17":2,"18":4,"19":1,"20":1,"21":1,"22":1,"23":3,"24":3,"25":2,"26":1,"27":2,"28":2,"29":2,"30":2,"31":1,"32":0,"33":1,"34":1,"35":0,"36":0,"37":0,"38":2,"39":1,"40":0,"41":1,"42":1,"43":0,"44":0,"45":0,"46":2,"47":1,"48":1,"49":0,"50":0,"51":0,"52":0,"53":1,"54":2,"55":1,"56":0,"57":0,"58":0,"59":0,"60":0,"61":1,"62":2,"63":2,"64":1,"65":0,"66":1,"67":1,"68":1,"69":1,"70":1,"71":1,"72":1,"73":1,"74":1,"75":1,"76":1,"77":1,"78":0,"79":0,"80":0,"81":0,"82":0,"83":1,"84":0,"85":1,"86":0,"87":1,"88":0,"89":1,"90":1,"91":2,"92":15,"93":15,"94":15,"95":15,"96":5,"97":5,"98":5,"99":5,"100":5,"101":5,"102":5,"103":0,"104":5,"105":5,"106":5,"107":5,"108":5,"109":5,"110":5,"111":5,"112":4,"113":5,"114":5,"115":1,"116":4,"117":4,"118":4,"119":4,"120":7,"121":7,"122":7,"123":7,"124":7,"125":7,"126":7,"127":5,"128":2,"129":2,"130":5,"131":5,"132":5,"133":5,"134":4,"135":3,"136":3,"137":3,"138":3,"139":3,"140":2,"141":2,"142":2,"143":2,"144":1,"145":15,"146":15,"147":15},"f":{"0":16,"1":7,"2":0,"3":7,"4":18,"5":3,"6":2,"7":4,"8":1,"9":3,"10":1,"11":2,"12":1,"13":1,"14":1,"15":1,"16":1,"17":7,"18":7,"19":5},"b":{"0":[1,15],"1":[1],"2":[1],"3":[2],"4":[2],"5":[0,1],"6":[1,0],"7":[0,0],"8":[0,1],"9":[1,0],"10":[0,0],"11":[0,0],"12":[0,1],"13":[0,1],"14":[1,0],"15":[1,1],"16":[0,0],"17":[0,0],"18":[0,0],"19":[0,0],"20":[0,1],"21":[0,1],"22":[1,1],"23":[0,1],"24":[0,5],"25":[5,5],"26":[4,1],"27":[1,4],"28":[5,2],"29":[2,0]},"_coverageSchema":"1a1c01bbd47fc00a2c39e90264f33305004495a9","hash":"a8b0300e20cfec7bca74efb314da55e84c70f6c8"}
,"/Users/aliakh/Documents/GitHub/tether/wdk-wallet-btc/src/wallet-manager-btc.js": {"path":"/Users/aliakh/Documents/GitHub/tether/wdk-wallet-btc/src/wallet-manager-btc.js","statementMap":{"0":{"start":{"line":20,"column":26},"end":{"line":20,"column":49}},"1":{"start":{"line":35,"column":4},"end":{"line":37,"column":5}},"2":{"start":{"line":36,"column":6},"end":{"line":36,"column":52}},"3":{"start":{"line":39,"column":4},"end":{"line":39,"column":33}},"4":{"start":{"line":41,"column":4},"end":{"line":41,"column":25}},"5":{"start":{"line":50,"column":4},"end":{"line":50,"column":29}},"6":{"start":{"line":60,"column":4},"end":{"line":60,"column":39}},"7":{"start":{"line":69,"column":4},"end":{"line":69,"column":27}},"8":{"start":{"line":82,"column":4},"end":{"line":82,"column":55}},"9":{"start":{"line":95,"column":4},"end":{"line":95,"column":69}},"10":{"start":{"line":104,"column":21},"end":{"line":104,"column":80}},"11":{"start":{"line":105,"column":36},"end":{"line":105,"column":57}},"12":{"start":{"line":106,"column":4},"end":{"line":106,"column":48}}},"fnMap":{"0":{"name":"(anonymous_0)","decl":{"start":{"line":34,"column":2},"end":{"line":34,"column":3}},"loc":{"start":{"line":34,"column":40},"end":{"line":42,"column":3}},"line":34},"1":{"name":"(anonymous_1)","decl":{"start":{"line":49,"column":2},"end":{"line":49,"column":3}},"loc":{"start":{"line":49,"column":32},"end":{"line":51,"column":3}},"line":49},"2":{"name":"(anonymous_2)","decl":{"start":{"line":59,"column":2},"end":{"line":59,"column":3}},"loc":{"start":{"line":59,"column":40},"end":{"line":61,"column":3}},"line":59},"3":{"name":"(anonymous_3)","decl":{"start":{"line":68,"column":2},"end":{"line":68,"column":3}},"loc":{"start":{"line":68,"column":20},"end":{"line":70,"column":3}},"line":68},"4":{"name":"(anonymous_4)","decl":{"start":{"line":81,"column":2},"end":{"line":81,"column":3}},"loc":{"start":{"line":81,"column":31},"end":{"line":83,"column":3}},"line":81},"5":{"name":"(anonymous_5)","decl":{"start":{"line":94,"column":2},"end":{"line":94,"column":3}},"loc":{"start":{"line":94,"column":32},"end":{"line":96,"column":3}},"line":94},"6":{"name":"(anonymous_6)","decl":{"start":{"line":103,"column":2},"end":{"line":103,"column":3}},"loc":{"start":{"line":103,"column":23},"end":{"line":107,"column":3}},"line":103}},"branchMap":{"0":{"loc":{"start":{"line":34,"column":27},"end":{"line":34,"column":38}},"type":"default-arg","locations":[{"start":{"line":34,"column":36},"end":{"line":34,"column":38}}],"line":34},"1":{"loc":{"start":{"line":35,"column":4},"end":{"line":37,"column":5}},"type":"if","locations":[{"start":{"line":35,"column":4},"end":{"line":37,"column":5}},{"start":{},"end":{}}],"line":35},"2":{"loc":{"start":{"line":81,"column":20},"end":{"line":81,"column":29}},"type":"default-arg","locations":[{"start":{"line":81,"column":28},"end":{"line":81,"column":29}}],"line":81}},"s":{"0":1,"1":6,"2":1,"3":5,"4":5,"5":1,"6":9,"7":1,"8":2,"9":3,"10":1,"11":1,"12":1},"f":{"0":6,"1":1,"2":9,"3":1,"4":2,"5":3,"6":1},"b":{"0":[6],"1":[1,5],"2":[1]},"_coverageSchema":"1a1c01bbd47fc00a2c39e90264f33305004495a9","hash":"bcd589d636b5a5b21497c8ce803cb10044e3f054"}
,"/Users/aliakh/Documents/GitHub/tether/wdk-wallet-btc/test/test-utils.js": {"path":"/Users/aliakh/Documents/GitHub/tether/wdk-wallet-btc/test/test-utils.js","statementMap":{"0":{"start":{"line":2,"column":24},"end":{"line":4,"column":1}},"1":{"start":{"line":2,"column":45},"end":{"line":4,"column":1}},"2":{"start":{"line":7,"column":31},"end":{"line":9,"column":2}},"3":{"start":{"line":7,"column":53},"end":{"line":9,"column":1}},"4":{"start":{"line":12,"column":34},"end":{"line":26,"column":1}},"5":{"start":{"line":13,"column":19},"end":{"line":20,"column":3}},"6":{"start":{"line":22,"column":2},"end":{"line":25,"column":3}},"7":{"start":{"line":23,"column":4},"end":{"line":23,"column":36}},"8":{"start":{"line":24,"column":4},"end":{"line":24,"column":49}}},"fnMap":{"0":{"name":"(anonymous_0)","decl":{"start":{"line":2,"column":24},"end":{"line":2,"column":25}},"loc":{"start":{"line":2,"column":45},"end":{"line":4,"column":1}},"line":2},"1":{"name":"(anonymous_1)","decl":{"start":{"line":7,"column":31},"end":{"line":7,"column":32}},"loc":{"start":{"line":7,"column":53},"end":{"line":9,"column":1}},"line":7},"2":{"name":"(anonymous_2)","decl":{"start":{"line":12,"column":34},"end":{"line":12,"column":35}},"loc":{"start":{"line":12,"column":71},"end":{"line":26,"column":1}},"line":12}},"branchMap":{"0":{"loc":{"start":{"line":2,"column":25},"end":{"line":2,"column":40}},"type":"default-arg","locations":[{"start":{"line":2,"column":33},"end":{"line":2,"column":40}}],"line":2},"1":{"loc":{"start":{"line":7,"column":32},"end":{"line":7,"column":47}},"type":"default-arg","locations":[{"start":{"line":7,"column":40},"end":{"line":7,"column":47}}],"line":7},"2":{"loc":{"start":{"line":12,"column":52},"end":{"line":12,"column":66}},"type":"default-arg","locations":[{"start":{"line":12,"column":64},"end":{"line":12,"column":66}}],"line":12}},"s":{"0":1,"1":2,"2":1,"3":17,"4":1,"5":15,"6":15,"7":90,"8":90},"f":{"0":2,"1":17,"2":15},"b":{"0":[2],"1":[17],"2":[15]},"_coverageSchema":"1a1c01bbd47fc00a2c39e90264f33305004495a9","hash":"bc4f5b280f8705288b7d21f2b47fec29cf4a6e9b"}
}
