TN:
SF:src/wallet-account-btc.js
FN:78,(anonymous_0)
FN:95,(anonymous_1)
FN:104,(anonymous_2)
FN:113,(anonymous_3)
FN:122,(anonymous_4)
FN:132,(anonymous_5)
FN:145,(anonymous_6)
FN:159,(anonymous_7)
FN:173,(anonymous_8)
FN:184,(anonymous_9)
FN:198,(anonymous_10)
FN:211,(anonymous_11)
FN:218,(anonymous_12)
FN:225,(anonymous_13)
FN:232,(anonymous_14)
FN:244,(anonymous_15)
FN:262,(anonymous_16)
FN:362,(anonymous_17)
FN:365,(anonymous_18)
FN:399,(anonymous_19)
FNF:20
FNH:20
FNDA:25,(anonymous_0)
FNDA:9,(anonymous_1)
FNDA:1,(anonymous_2)
FNDA:9,(anonymous_3)
FNDA:28,(anonymous_4)
FNDA:3,(anonymous_5)
FNDA:2,(anonymous_6)
FNDA:6,(anonymous_7)
FNDA:1,(anonymous_8)
FNDA:3,(anonymous_9)
FNDA:1,(anonymous_10)
FNDA:8,(anonymous_11)
FNDA:12,(anonymous_12)
FNDA:8,(anonymous_13)
FNDA:6,(anonymous_14)
FNDA:6,(anonymous_15)
FNDA:8,(anonymous_16)
FNDA:9,(anonymous_17)
FNDA:9,(anonymous_18)
FNDA:7,(anonymous_19)
DA:26,2
DA:59,2
DA:61,2
DA:79,25
DA:80,1
DA:83,24
DA:85,24
DA:87,24
DA:96,9
DA:105,1
DA:114,9
DA:123,28
DA:133,3
DA:135,3
DA:146,2
DA:147,2
DA:148,2
DA:150,2
DA:160,6
DA:162,2
DA:164,2
DA:174,1
DA:176,1
DA:185,3
DA:187,3
DA:189,2
DA:199,1
DA:212,8
DA:214,8
DA:216,8
DA:218,8
DA:219,12
DA:220,11
DA:221,8
DA:222,1
DA:225,8
DA:226,8
DA:227,7
DA:228,4
DA:229,1
DA:232,8
DA:233,6
DA:234,6
DA:235,4
DA:236,4
DA:237,4
DA:238,4
DA:241,6
DA:244,8
DA:245,6
DA:246,4
DA:247,4
DA:248,4
DA:249,4
DA:252,3
DA:255,8
DA:257,8
DA:258,7
DA:260,6
DA:261,6
DA:262,8
DA:263,6
DA:264,6
DA:266,6
DA:267,8
DA:268,8
DA:270,8
DA:271,8
DA:272,5
DA:273,2
DA:274,1
DA:276,7
DA:277,6
DA:278,5
DA:280,4
DA:291,4
DA:295,8
DA:299,24
DA:301,24
DA:303,24
DA:309,24
DA:316,7
DA:317,7
DA:318,6
DA:320,6
DA:322,6
DA:326,7
DA:328,7
DA:329,1
DA:332,6
DA:333,6
DA:335,6
DA:336,6
DA:337,6
DA:338,6
DA:342,6
DA:344,6
DA:345,5
DA:349,6
DA:353,6
DA:354,1
DA:357,5
DA:358,5
DA:359,5
DA:362,5
DA:363,9
DA:365,9
DA:366,9
DA:383,9
DA:388,9
DA:389,9
DA:390,9
DA:391,5
DA:395,4
DA:396,2
DA:399,7
DA:400,7
DA:403,7
DA:404,7
DA:407,5
DA:408,4
DA:409,4
DA:413,4
DA:414,4
DA:416,4
DA:417,3
DA:418,3
DA:419,3
DA:420,3
DA:428,2
DA:432,24
DA:433,24
DA:434,24
LF:133
LH:133
BRDA:79,0,0,1
BRDA:79,0,1,24
BRDA:211,1,0,1
BRDA:212,2,0,2
BRDA:212,3,0,6
BRDA:212,4,0,8
BRDA:219,5,0,1
BRDA:219,5,1,11
BRDA:220,6,0,3
BRDA:220,6,1,8
BRDA:221,7,0,7
BRDA:221,7,1,1
BRDA:226,8,0,1
BRDA:226,8,1,7
BRDA:227,9,0,3
BRDA:227,9,1,4
BRDA:228,10,0,3
BRDA:228,10,1,1
BRDA:249,11,0,3
BRDA:249,11,1,1
BRDA:258,12,0,1
BRDA:258,12,1,6
BRDA:263,13,0,4
BRDA:263,13,1,2
BRDA:271,14,0,3
BRDA:271,14,1,5
BRDA:271,15,0,8
BRDA:271,15,1,4
BRDA:272,16,0,3
BRDA:272,16,1,2
BRDA:272,17,0,5
BRDA:272,17,1,4
BRDA:273,18,0,1
BRDA:273,18,1,1
BRDA:273,19,0,2
BRDA:273,19,1,1
BRDA:276,20,0,1
BRDA:276,20,1,6
BRDA:277,21,0,1
BRDA:277,21,1,5
BRDA:277,22,0,6
BRDA:277,22,1,6
BRDA:278,23,0,1
BRDA:278,23,1,4
BRDA:328,24,0,1
BRDA:328,24,1,6
BRDA:328,25,0,7
BRDA:328,25,1,7
BRDA:344,26,0,5
BRDA:344,26,1,1
BRDA:353,27,0,1
BRDA:353,27,1,5
BRDA:390,28,0,5
BRDA:390,28,1,4
BRDA:395,29,0,2
BRDA:395,29,1,2
BRF:56
BRH:56
end_of_record
TN:
SF:src/wallet-manager-btc.js
FN:34,(anonymous_0)
FN:49,(anonymous_1)
FN:59,(anonymous_2)
FN:68,(anonymous_3)
FN:81,(anonymous_4)
FN:94,(anonymous_5)
FN:103,(anonymous_6)
FNF:7
FNH:7
FNDA:6,(anonymous_0)
FNDA:1,(anonymous_1)
FNDA:9,(anonymous_2)
FNDA:1,(anonymous_3)
FNDA:2,(anonymous_4)
FNDA:3,(anonymous_5)
FNDA:1,(anonymous_6)
DA:20,1
DA:35,6
DA:36,1
DA:39,5
DA:41,5
DA:50,1
DA:60,9
DA:69,1
DA:82,2
DA:95,3
DA:104,1
DA:105,1
DA:106,1
LF:13
LH:13
BRDA:34,0,0,6
BRDA:35,1,0,1
BRDA:35,1,1,5
BRDA:81,2,0,1
BRF:4
BRH:4
end_of_record
TN:
SF:test/test-utils.js
FN:2,(anonymous_0)
FN:7,(anonymous_1)
FN:12,(anonymous_2)
FNF:3
FNH:3
FNDA:2,(anonymous_0)
FNDA:26,(anonymous_1)
FNDA:24,(anonymous_2)
DA:2,2
DA:7,26
DA:12,1
DA:13,24
DA:22,24
DA:23,144
DA:24,144
LF:7
LH:7
BRDA:2,0,0,2
BRDA:7,1,0,26
BRDA:12,2,0,24
BRF:3
BRH:3
end_of_record
