TN:
SF:src/wallet-account-btc.js
FN:78,(anonymous_0)
FN:95,(anonymous_1)
FN:104,(anonymous_2)
FN:113,(anonymous_3)
FN:122,(anonymous_4)
FN:132,(anonymous_5)
FN:145,(anonymous_6)
FN:159,(anonymous_7)
FN:173,(anonymous_8)
FN:184,(anonymous_9)
FN:198,(anonymous_10)
FN:211,(anonymous_11)
FN:218,(anonymous_12)
FN:225,(anonymous_13)
FN:232,(anonymous_14)
FN:244,(anonymous_15)
FN:262,(anonymous_16)
FN:362,(anonymous_17)
FN:365,(anonymous_18)
FN:399,(anonymous_19)
FNF:20
FNH:19
FNDA:16,(anonymous_0)
FNDA:7,(anonymous_1)
FNDA:0,(anonymous_2)
FNDA:7,(anonymous_3)
FNDA:18,(anonymous_4)
FNDA:3,(anonymous_5)
FNDA:2,(anonymous_6)
FNDA:4,(anonymous_7)
FNDA:1,(anonymous_8)
FNDA:3,(anonymous_9)
FNDA:1,(anonymous_10)
FNDA:2,(anonymous_11)
FNDA:1,(anonymous_12)
FNDA:1,(anonymous_13)
FNDA:1,(anonymous_14)
FNDA:1,(anonymous_15)
FNDA:1,(anonymous_16)
FNDA:7,(anonymous_17)
FNDA:7,(anonymous_18)
FNDA:5,(anonymous_19)
DA:26,2
DA:59,2
DA:61,2
DA:79,16
DA:80,1
DA:83,15
DA:85,15
DA:87,15
DA:96,7
DA:105,0
DA:114,7
DA:123,18
DA:133,3
DA:135,3
DA:146,2
DA:147,2
DA:148,2
DA:150,2
DA:160,4
DA:162,1
DA:164,1
DA:174,1
DA:176,1
DA:185,3
DA:187,3
DA:189,2
DA:199,1
DA:212,2
DA:214,2
DA:216,2
DA:218,2
DA:219,1
DA:220,1
DA:221,0
DA:222,0
DA:225,2
DA:226,1
DA:227,1
DA:228,0
DA:229,0
DA:232,2
DA:233,1
DA:234,1
DA:235,0
DA:236,0
DA:237,0
DA:238,0
DA:241,1
DA:244,2
DA:245,1
DA:246,0
DA:247,0
DA:248,0
DA:249,0
DA:252,1
DA:255,2
DA:257,2
DA:258,1
DA:260,1
DA:261,1
DA:262,1
DA:263,1
DA:264,1
DA:266,1
DA:267,1
DA:268,1
DA:270,1
DA:271,1
DA:272,0
DA:273,0
DA:274,0
DA:276,1
DA:277,1
DA:278,1
DA:280,1
DA:291,1
DA:295,2
DA:299,15
DA:301,15
DA:303,15
DA:309,15
DA:316,5
DA:317,5
DA:318,5
DA:320,5
DA:322,5
DA:326,5
DA:328,5
DA:329,0
DA:332,5
DA:333,5
DA:335,5
DA:336,5
DA:337,5
DA:338,5
DA:342,5
DA:344,5
DA:345,4
DA:349,5
DA:353,5
DA:354,1
DA:357,4
DA:358,4
DA:359,4
DA:362,4
DA:363,7
DA:365,7
DA:366,7
DA:383,7
DA:388,7
DA:389,7
DA:390,7
DA:391,5
DA:395,2
DA:396,2
DA:399,5
DA:400,5
DA:403,5
DA:404,5
DA:407,4
DA:408,3
DA:409,3
DA:413,3
DA:414,3
DA:416,3
DA:417,2
DA:418,2
DA:419,2
DA:420,2
DA:428,1
DA:432,15
DA:433,15
DA:434,15
LF:133
LH:116
BRDA:79,0,0,1
BRDA:79,0,1,15
BRDA:211,1,0,1
BRDA:212,2,0,1
BRDA:212,3,0,2
BRDA:212,4,0,2
BRDA:219,5,0,0
BRDA:219,5,1,1
BRDA:220,6,0,1
BRDA:220,6,1,0
BRDA:221,7,0,0
BRDA:221,7,1,0
BRDA:226,8,0,0
BRDA:226,8,1,1
BRDA:227,9,0,1
BRDA:227,9,1,0
BRDA:228,10,0,0
BRDA:228,10,1,0
BRDA:249,11,0,0
BRDA:249,11,1,0
BRDA:258,12,0,0
BRDA:258,12,1,1
BRDA:263,13,0,0
BRDA:263,13,1,1
BRDA:271,14,0,1
BRDA:271,14,1,0
BRDA:271,15,0,1
BRDA:271,15,1,1
BRDA:272,16,0,0
BRDA:272,16,1,0
BRDA:272,17,0,0
BRDA:272,17,1,0
BRDA:273,18,0,0
BRDA:273,18,1,0
BRDA:273,19,0,0
BRDA:273,19,1,0
BRDA:276,20,0,0
BRDA:276,20,1,1
BRDA:277,21,0,0
BRDA:277,21,1,1
BRDA:277,22,0,1
BRDA:277,22,1,1
BRDA:278,23,0,0
BRDA:278,23,1,1
BRDA:328,24,0,0
BRDA:328,24,1,5
BRDA:328,25,0,5
BRDA:328,25,1,5
BRDA:344,26,0,4
BRDA:344,26,1,1
BRDA:353,27,0,1
BRDA:353,27,1,4
BRDA:390,28,0,5
BRDA:390,28,1,2
BRDA:395,29,0,2
BRDA:395,29,1,0
BRF:56
BRH:30
end_of_record
TN:
SF:src/wallet-manager-btc.js
FN:34,(anonymous_0)
FN:49,(anonymous_1)
FN:59,(anonymous_2)
FN:68,(anonymous_3)
FN:81,(anonymous_4)
FN:94,(anonymous_5)
FN:103,(anonymous_6)
FNF:7
FNH:7
FNDA:6,(anonymous_0)
FNDA:1,(anonymous_1)
FNDA:9,(anonymous_2)
FNDA:1,(anonymous_3)
FNDA:2,(anonymous_4)
FNDA:3,(anonymous_5)
FNDA:1,(anonymous_6)
DA:20,1
DA:35,6
DA:36,1
DA:39,5
DA:41,5
DA:50,1
DA:60,9
DA:69,1
DA:82,2
DA:95,3
DA:104,1
DA:105,1
DA:106,1
LF:13
LH:13
BRDA:34,0,0,6
BRDA:35,1,0,1
BRDA:35,1,1,5
BRDA:81,2,0,1
BRF:4
BRH:4
end_of_record
TN:
SF:test/test-utils.js
FN:2,(anonymous_0)
FN:7,(anonymous_1)
FN:12,(anonymous_2)
FNF:3
FNH:3
FNDA:2,(anonymous_0)
FNDA:17,(anonymous_1)
FNDA:15,(anonymous_2)
DA:2,2
DA:7,17
DA:12,1
DA:13,15
DA:22,15
DA:23,90
DA:24,90
LF:7
LH:7
BRDA:2,0,0,2
BRDA:7,1,0,17
BRDA:12,2,0,15
BRF:3
BRH:3
end_of_record
